#! /usr/bin/vvp
:ivl_version "10.1 (stable)";
:ivl_delay_selection "TYPICAL";
:vpi_time_precision - 12;
:vpi_module "system";
:vpi_module "vhdl_sys";
:vpi_module "v2005_math";
:vpi_module "va_math";
S_0x560d4c9714c0 .scope module, "test_bench" "test_bench" 2 3;
 .timescale -9 -12;
v0x560d4c991db0_0 .var "a", 0 0;
v0x560d4c991e70_0 .var "b", 0 0;
v0x560d4c991f40_0 .var "c", 0 0;
v0x560d4c992040_0 .net "co", 0 0, L_0x560d4c9924d0;  1 drivers
v0x560d4c992110_0 .net "s", 0 0, L_0x560d4c96d480;  1 drivers
S_0x560d4c971640 .scope module, "FA" "fulladder" 2 9, 3 2 0, S_0x560d4c9714c0;
 .timescale -9 -12;
    .port_info 0 /INPUT 1 "a"
    .port_info 1 /INPUT 1 "b"
    .port_info 2 /INPUT 1 "c_in"
    .port_info 3 /OUTPUT 1 "sum"
    .port_info 4 /OUTPUT 1 "c_out"
L_0x560d4c96d410 .functor XOR 1, v0x560d4c991db0_0, v0x560d4c991e70_0, C4<0>, C4<0>;
L_0x560d4c96d480 .functor XOR 1, L_0x560d4c96d410, v0x560d4c991f40_0, C4<0>, C4<0>;
L_0x560d4c9923c0 .functor AND 1, v0x560d4c991db0_0, v0x560d4c991e70_0, C4<1>, C4<1>;
L_0x560d4c992430 .functor AND 1, L_0x560d4c96d410, v0x560d4c991f40_0, C4<1>, C4<1>;
L_0x560d4c9924d0 .functor XOR 1, L_0x560d4c9923c0, L_0x560d4c992430, C4<0>, C4<0>;
v0x560d4c971890_0 .net "a", 0 0, v0x560d4c991db0_0;  1 drivers
v0x560d4c991770_0 .net "b", 0 0, v0x560d4c991e70_0;  1 drivers
v0x560d4c991830_0 .net "c1", 0 0, L_0x560d4c9923c0;  1 drivers
v0x560d4c991900_0 .net "c2", 0 0, L_0x560d4c992430;  1 drivers
v0x560d4c9919c0_0 .net "c_in", 0 0, v0x560d4c991f40_0;  1 drivers
v0x560d4c991ad0_0 .net "c_out", 0 0, L_0x560d4c9924d0;  alias, 1 drivers
v0x560d4c991b90_0 .net "s1", 0 0, L_0x560d4c96d410;  1 drivers
v0x560d4c991c50_0 .net "sum", 0 0, L_0x560d4c96d480;  alias, 1 drivers
    .scope S_0x560d4c9714c0;
T_0 ;
    %vpi_call 2 12 "$display", "=========This is a test bench of FULL ADDER=========" {0 0 0};
    %vpi_call 2 13 "$monitor", $time, " || a= %b | b= %b | c= %b | s= %b | os= %b", v0x560d4c991db0_0, v0x560d4c991e70_0, v0x560d4c991f40_0, v0x560d4c992110_0, v0x560d4c992040_0 {0 0 0};
    %pushi/vec4 0, 0, 1;
    %store/vec4 v0x560d4c991db0_0, 0, 1;
    %pushi/vec4 0, 0, 1;
    %store/vec4 v0x560d4c991e70_0, 0, 1;
    %pushi/vec4 0, 0, 1;
    %store/vec4 v0x560d4c991f40_0, 0, 1;
    %delay 5000, 0;
    %pushi/vec4 0, 0, 1;
    %store/vec4 v0x560d4c991db0_0, 0, 1;
    %pushi/vec4 0, 0, 1;
    %store/vec4 v0x560d4c991e70_0, 0, 1;
    %pushi/vec4 1, 0, 1;
    %store/vec4 v0x560d4c991f40_0, 0, 1;
    %delay 5000, 0;
    %pushi/vec4 0, 0, 1;
    %store/vec4 v0x560d4c991db0_0, 0, 1;
    %pushi/vec4 1, 0, 1;
    %store/vec4 v0x560d4c991e70_0, 0, 1;
    %pushi/vec4 0, 0, 1;
    %store/vec4 v0x560d4c991f40_0, 0, 1;
    %delay 5000, 0;
    %pushi/vec4 1, 0, 1;
    %store/vec4 v0x560d4c991db0_0, 0, 1;
    %pushi/vec4 0, 0, 1;
    %store/vec4 v0x560d4c991e70_0, 0, 1;
    %pushi/vec4 0, 0, 1;
    %store/vec4 v0x560d4c991f40_0, 0, 1;
    %delay 5000, 0;
    %pushi/vec4 0, 0, 1;
    %store/vec4 v0x560d4c991db0_0, 0, 1;
    %pushi/vec4 1, 0, 1;
    %store/vec4 v0x560d4c991e70_0, 0, 1;
    %pushi/vec4 1, 0, 1;
    %store/vec4 v0x560d4c991f40_0, 0, 1;
    %delay 5000, 0;
    %pushi/vec4 1, 0, 1;
    %store/vec4 v0x560d4c991db0_0, 0, 1;
    %pushi/vec4 1, 0, 1;
    %store/vec4 v0x560d4c991e70_0, 0, 1;
    %pushi/vec4 0, 0, 1;
    %store/vec4 v0x560d4c991f40_0, 0, 1;
    %delay 5000, 0;
    %pushi/vec4 1, 0, 1;
    %store/vec4 v0x560d4c991db0_0, 0, 1;
    %pushi/vec4 0, 0, 1;
    %store/vec4 v0x560d4c991e70_0, 0, 1;
    %pushi/vec4 1, 0, 1;
    %store/vec4 v0x560d4c991f40_0, 0, 1;
    %delay 5000, 0;
    %pushi/vec4 1, 0, 1;
    %store/vec4 v0x560d4c991db0_0, 0, 1;
    %pushi/vec4 1, 0, 1;
    %store/vec4 v0x560d4c991e70_0, 0, 1;
    %pushi/vec4 1, 0, 1;
    %store/vec4 v0x560d4c991f40_0, 0, 1;
    %delay 5000, 0;
    %vpi_call 2 38 "$finish" {0 0 0};
    %end;
    .thread T_0;
    .scope S_0x560d4c9714c0;
T_1 ;
    %vpi_call 2 60 "$dumpfile", "fulladder.vcd" {0 0 0};
    %vpi_call 2 61 "$dumpvars" {0 0 0};
    %end;
    .thread T_1;
# The file index is used to find the file name in the following table.
:file_names 4;
    "N/A";
    "<interactive>";
    "test_bench.v";
    "./fulladder.v";
