#! /usr/bin/vvp
:ivl_version "10.1 (stable)";
:ivl_delay_selection "TYPICAL";
:vpi_time_precision - 11;
:vpi_module "system";
:vpi_module "vhdl_sys";
:vpi_module "v2005_math";
:vpi_module "va_math";
S_0x55ff8428bce0 .scope module, "test_bench" "test_bench" 2 4;
 .timescale -9 -11;
P_0x55ff8428be60 .param/l "FIN" 0 2 23, +C4<00000000000000000000000011111010>;
P_0x55ff8428bea0 .param/l "FINSNT" 0 2 24, +C4<0000000000000000000000000011101000110101001010010100010000000000>;
P_0x55ff8428bee0 .param/l "HCY" 0 2 25, +C4<00011101110011010110010100000000>;
P_0x55ff8428bf20 .param/l "HOW_LONG_TO_N" 0 2 27, +C4<00000000000000000000000000110010>;
P_0x55ff8428bf60 .param/l "SNT" 0 2 6, +C4<00111011100110101100101000000000>;
P_0x55ff8428bfa0 .param/l "UHC" 0 2 26, +C4<00000000000001111010000100100000>;
v0x55ff842acc30_0 .net "C", 0 0, L_0x55ff8426e260;  1 drivers
v0x55ff842accf0_0 .net "J", 0 0, L_0x55ff8427b800;  1 drivers
v0x55ff842acdc0_0 .var "N", 0 0;
v0x55ff842acec0_0 .net "P", 0 0, L_0x55ff8426e040;  1 drivers
v0x55ff842acf90_0 .var "clk", 0 0;
v0x55ff842ad030_0 .var/i "i", 31 0;
v0x55ff842ad0d0_0 .var "rst", 0 0;
S_0x55ff8428bff0 .scope module, "N_main_ltc" "main_ltc" 2 35, 3 3 0, S_0x55ff8428bce0;
 .timescale -9 -11;
    .port_info 0 /OUTPUT 1 "J"
    .port_info 1 /OUTPUT 1 "P"
    .port_info 2 /OUTPUT 1 "C"
    .port_info 3 /INPUT 1 "clk"
    .port_info 4 /INPUT 1 "N"
    .port_info 5 /INPUT 1 "rst"
P_0x55ff8428c1c0 .param/l "DEBUG_CLK" 0 3 18, +C4<00000000000000000000000000000000>;
P_0x55ff8428c200 .param/l "DEBUG_PRINT_COUNTER" 0 3 20, +C4<00000000000000000000000000000000>;
P_0x55ff8428c240 .param/l "DEBUG_VIEW_TIME" 0 3 19, +C4<00000000000000000000000000000000>;
P_0x55ff8428c280 .param/l "L" 0 3 16, +C4<00000000000000000000000000001010>;
P_0x55ff8428c2c0 .param/l "S" 0 3 17, +C4<00000000000000000000000000000011>;
P_0x55ff8428c300 .param/l "UCY" 0 3 12, +C4<00000000000000000000001111101000>;
L_0x55ff8427b800 .functor BUFZ 1, v0x55ff842ac360_0, C4<0>, C4<0>, C4<0>;
L_0x55ff8426e040 .functor BUFZ 1, v0x55ff842ac770_0, C4<0>, C4<0>, C4<0>;
L_0x55ff8426e260 .functor BUFZ 1, v0x55ff842ac1d0_0, C4<0>, C4<0>, C4<0>;
v0x55ff8428c5d0_0 .net "C", 0 0, L_0x55ff8426e260;  alias, 1 drivers
v0x55ff842ac1d0_0 .var "Cr", 0 0;
v0x55ff842ac290_0 .net "J", 0 0, L_0x55ff8427b800;  alias, 1 drivers
v0x55ff842ac360_0 .var "Jr", 0 0;
v0x55ff842ac420_0 .net "N", 0 0, v0x55ff842acdc0_0;  1 drivers
v0x55ff842ac530_0 .var "Nd", 0 0;
v0x55ff842ac5f0_0 .var "Nr", 0 0;
v0x55ff842ac6b0_0 .net "P", 0 0, L_0x55ff8426e040;  alias, 1 drivers
v0x55ff842ac770_0 .var "Pr", 0 0;
v0x55ff842ac830_0 .net "clk", 0 0, v0x55ff842acf90_0;  1 drivers
v0x55ff842ac8f0_0 .var "counter", 11 0;
v0x55ff842ac9d0_0 .net "rst", 0 0, v0x55ff842ad0d0_0;  1 drivers
v0x55ff842aca90_0 .var "thcount", 11 0;
E_0x55ff8426dbc0 .event posedge, v0x55ff842ac420_0, v0x55ff842ac830_0;
E_0x55ff8426f480 .event edge, v0x55ff842ac9d0_0;
    .scope S_0x55ff8428bff0;
T_0 ;
    %wait E_0x55ff8426f480;
    %pushi/vec4 0, 0, 12;
    %store/vec4 v0x55ff842ac8f0_0, 0, 12;
    %pushi/vec4 0, 0, 12;
    %store/vec4 v0x55ff842aca90_0, 0, 12;
    %pushi/vec4 1, 0, 1;
    %store/vec4 v0x55ff842ac360_0, 0, 1;
    %pushi/vec4 0, 0, 1;
    %store/vec4 v0x55ff842ac770_0, 0, 1;
    %pushi/vec4 0, 0, 1;
    %store/vec4 v0x55ff842ac1d0_0, 0, 1;
    %pushi/vec4 0, 0, 1;
    %store/vec4 v0x55ff842ac5f0_0, 0, 1;
    %pushi/vec4 1, 0, 1;
    %store/vec4 v0x55ff842ac530_0, 0, 1;
    %jmp T_0;
    .thread T_0, $push;
    .scope S_0x55ff8428bff0;
T_1 ;
    %wait E_0x55ff8426dbc0;
    %load/vec4 v0x55ff842ac420_0;
    %flag_set/vec4 8;
    %load/vec4 v0x55ff842ac5f0_0;
    %flag_set/vec4 9;
    %flag_or 9, 8;
    %jmp/0xz  T_1.0, 9;
    %load/vec4 v0x55ff842ac530_0;
    %flag_set/vec4 8;
    %jmp/0 T_1.2, 8;
    %load/vec4 v0x55ff842ac420_0;
    %jmp/1 T_1.3, 8;
T_1.2 ; End of true expr.
    %load/vec4 v0x55ff842ac5f0_0;
    %jmp/0 T_1.3, 8;
 ; End of false expr.
    %blend;
T_1.3;
    %store/vec4 v0x55ff842ac5f0_0, 0, 1;
    %load/vec4 v0x55ff842ac530_0;
    %flag_set/vec4 8;
    %jmp/0 T_1.4, 8;
    %pushi/vec4 0, 0, 12;
    %jmp/1 T_1.5, 8;
T_1.4 ; End of true expr.
    %load/vec4 v0x55ff842aca90_0;
    %jmp/0 T_1.5, 8;
 ; End of false expr.
    %blend;
T_1.5;
    %store/vec4 v0x55ff842aca90_0, 0, 12;
    %load/vec4 v0x55ff842ac530_0;
    %flag_set/vec4 8;
    %jmp/0 T_1.6, 8;
    %pushi/vec4 0, 0, 12;
    %jmp/1 T_1.7, 8;
T_1.6 ; End of true expr.
    %load/vec4 v0x55ff842ac8f0_0;
    %jmp/0 T_1.7, 8;
 ; End of false expr.
    %blend;
T_1.7;
    %store/vec4 v0x55ff842ac8f0_0, 0, 12;
    %pushi/vec4 0, 0, 1;
    %store/vec4 v0x55ff842ac530_0, 0, 1;
    %load/vec4 v0x55ff842ac770_0;
    %flag_set/vec4 8;
    %jmp/0xz  T_1.8, 8;
    %load/vec4 v0x55ff842ac770_0;
    %inv;
    %store/vec4 v0x55ff842ac770_0, 0, 1;
    %load/vec4 v0x55ff842ac1d0_0;
    %inv;
    %store/vec4 v0x55ff842ac1d0_0, 0, 1;
    %pushi/vec4 0, 0, 1;
    %store/vec4 v0x55ff842ac5f0_0, 0, 1;
    %pushi/vec4 1, 0, 1;
    %store/vec4 v0x55ff842ac530_0, 0, 1;
    %jmp T_1.9;
T_1.8 ;
    %load/vec4 v0x55ff842ac8f0_0;
    %pad/u 32;
    %cmpi/u 3, 0, 32;
    %jmp/0xz  T_1.10, 5;
    %load/vec4 v0x55ff842aca90_0;
    %pad/u 32;
    %cmpi/u 1000, 0, 32;
    %jmp/0xz  T_1.12, 5;
    %load/vec4 v0x55ff842aca90_0;
    %addi 1, 0, 12;
    %store/vec4 v0x55ff842aca90_0, 0, 12;
    %jmp T_1.13;
T_1.12 ;
    %pushi/vec4 0, 0, 12;
    %store/vec4 v0x55ff842aca90_0, 0, 12;
    %load/vec4 v0x55ff842ac8f0_0;
    %addi 1, 0, 12;
    %store/vec4 v0x55ff842ac8f0_0, 0, 12;
T_1.13 ;
    %jmp T_1.11;
T_1.10 ;
    %load/vec4 v0x55ff842ac1d0_0;
    %flag_set/vec4 8;
    %jmp/0 T_1.14, 8;
    %pushi/vec4 1, 0, 2;
    %jmp/1 T_1.15, 8;
T_1.14 ; End of true expr.
    %pushi/vec4 0, 0, 2;
    %jmp/0 T_1.15, 8;
 ; End of false expr.
    %blend;
T_1.15;
    %pad/s 1;
    %store/vec4 v0x55ff842ac360_0, 0, 1;
    %load/vec4 v0x55ff842ac360_0;
    %flag_set/vec4 8;
    %jmp/0 T_1.16, 8;
    %pushi/vec4 1, 0, 2;
    %jmp/1 T_1.17, 8;
T_1.16 ; End of true expr.
    %pushi/vec4 0, 0, 2;
    %jmp/0 T_1.17, 8;
 ; End of false expr.
    %blend;
T_1.17;
    %pad/s 1;
    %store/vec4 v0x55ff842ac770_0, 0, 1;
    %pushi/vec4 0, 0, 1;
    %store/vec4 v0x55ff842ac5f0_0, 0, 1;
    %pushi/vec4 1, 0, 1;
    %store/vec4 v0x55ff842ac530_0, 0, 1;
T_1.11 ;
T_1.9 ;
    %jmp T_1.1;
T_1.0 ;
    %load/vec4 v0x55ff842ac360_0;
    %flag_set/vec4 8;
    %jmp/0xz  T_1.18, 8;
    %load/vec4 v0x55ff842ac8f0_0;
    %pad/u 32;
    %cmpi/u 13, 0, 32;
    %jmp/0xz  T_1.20, 5;
    %load/vec4 v0x55ff842aca90_0;
    %pad/u 32;
    %cmpi/u 1000, 0, 32;
    %jmp/0xz  T_1.22, 5;
    %load/vec4 v0x55ff842aca90_0;
    %addi 1, 0, 12;
    %store/vec4 v0x55ff842aca90_0, 0, 12;
    %jmp T_1.23;
T_1.22 ;
    %load/vec4 v0x55ff842ac8f0_0;
    %addi 1, 0, 12;
    %store/vec4 v0x55ff842ac8f0_0, 0, 12;
    %pushi/vec4 0, 0, 12;
    %store/vec4 v0x55ff842aca90_0, 0, 12;
T_1.23 ;
    %jmp T_1.21;
T_1.20 ;
    %pushi/vec4 0, 0, 12;
    %store/vec4 v0x55ff842ac8f0_0, 0, 12;
    %load/vec4 v0x55ff842ac360_0;
    %inv;
    %store/vec4 v0x55ff842ac360_0, 0, 1;
    %load/vec4 v0x55ff842ac770_0;
    %inv;
    %store/vec4 v0x55ff842ac770_0, 0, 1;
T_1.21 ;
    %jmp T_1.19;
T_1.18 ;
    %load/vec4 v0x55ff842ac770_0;
    %flag_set/vec4 8;
    %jmp/0xz  T_1.24, 8;
    %load/vec4 v0x55ff842ac8f0_0;
    %pad/u 32;
    %cmpi/u 7, 0, 32;
    %jmp/0xz  T_1.26, 5;
    %load/vec4 v0x55ff842aca90_0;
    %pad/u 32;
    %cmpi/u 1000, 0, 32;
    %jmp/0xz  T_1.28, 5;
    %load/vec4 v0x55ff842aca90_0;
    %addi 1, 0, 12;
    %store/vec4 v0x55ff842aca90_0, 0, 12;
    %jmp T_1.29;
T_1.28 ;
    %load/vec4 v0x55ff842ac8f0_0;
    %addi 1, 0, 12;
    %store/vec4 v0x55ff842ac8f0_0, 0, 12;
    %pushi/vec4 0, 0, 12;
    %store/vec4 v0x55ff842aca90_0, 0, 12;
T_1.29 ;
    %jmp T_1.27;
T_1.26 ;
    %pushi/vec4 0, 0, 12;
    %store/vec4 v0x55ff842ac8f0_0, 0, 12;
    %load/vec4 v0x55ff842ac1d0_0;
    %inv;
    %store/vec4 v0x55ff842ac1d0_0, 0, 1;
    %load/vec4 v0x55ff842ac770_0;
    %inv;
    %store/vec4 v0x55ff842ac770_0, 0, 1;
T_1.27 ;
    %jmp T_1.25;
T_1.24 ;
    %load/vec4 v0x55ff842ac1d0_0;
    %flag_set/vec4 8;
    %jmp/0xz  T_1.30, 8;
    %load/vec4 v0x55ff842ac8f0_0;
    %pad/u 32;
    %cmpi/u 16, 0, 32;
    %jmp/0xz  T_1.32, 5;
    %load/vec4 v0x55ff842aca90_0;
    %pad/u 32;
    %cmpi/u 1000, 0, 32;
    %jmp/0xz  T_1.34, 5;
    %load/vec4 v0x55ff842aca90_0;
    %addi 1, 0, 12;
    %store/vec4 v0x55ff842aca90_0, 0, 12;
    %jmp T_1.35;
T_1.34 ;
    %load/vec4 v0x55ff842ac8f0_0;
    %addi 1, 0, 12;
    %store/vec4 v0x55ff842ac8f0_0, 0, 12;
    %pushi/vec4 0, 0, 12;
    %store/vec4 v0x55ff842aca90_0, 0, 12;
T_1.35 ;
    %jmp T_1.33;
T_1.32 ;
    %pushi/vec4 0, 0, 12;
    %store/vec4 v0x55ff842ac8f0_0, 0, 12;
    %load/vec4 v0x55ff842ac360_0;
    %inv;
    %store/vec4 v0x55ff842ac360_0, 0, 1;
    %load/vec4 v0x55ff842ac1d0_0;
    %inv;
    %store/vec4 v0x55ff842ac1d0_0, 0, 1;
T_1.33 ;
T_1.30 ;
T_1.25 ;
T_1.19 ;
T_1.1 ;
    %jmp T_1;
    .thread T_1;
    .scope S_0x55ff8428bce0;
T_2 ;
    %pushi/vec4 0, 0, 1;
    %store/vec4 v0x55ff842acf90_0, 0, 1;
    %pushi/vec4 0, 0, 1;
    %store/vec4 v0x55ff842acdc0_0, 0, 1;
    %delay 100, 0;
    %pushi/vec4 1, 0, 1;
    %store/vec4 v0x55ff842ad0d0_0, 0, 1;
    %delay 100, 0;
    %pushi/vec4 0, 0, 1;
    %store/vec4 v0x55ff842ad0d0_0, 0, 1;
    %end;
    .thread T_2;
    .scope S_0x55ff8428bce0;
T_3 ;
    %delay 50000000, 0;
    %load/vec4 v0x55ff842acf90_0;
    %inv;
    %store/vec4 v0x55ff842acf90_0, 0, 1;
    %jmp T_3;
    .thread T_3;
    .scope S_0x55ff8428bce0;
T_4 ;
    %delay 3290337280, 5820;
    %vpi_call 2 60 "$finish" {0 0 0};
    %end;
    .thread T_4;
    .scope S_0x55ff8428bce0;
T_5 ;
    %pushi/vec4 0, 0, 32;
    %store/vec4 v0x55ff842ad030_0, 0, 32;
T_5.0 ;
    %load/vec4 v0x55ff842ad030_0;
    %cmpi/s 50, 0, 32;
    %jmp/0xz T_5.1, 5;
    %delay 1215752192, 23;
    %load/vec4 v0x55ff842ad030_0;
    %addi 0, 0, 32;
    %store/vec4 v0x55ff842ad030_0, 0, 32;
    %load/vec4 v0x55ff842ad030_0;
    %addi 1, 0, 32;
    %store/vec4 v0x55ff842ad030_0, 0, 32;
    %jmp T_5.0;
T_5.1 ;
    %pushi/vec4 1, 0, 1;
    %store/vec4 v0x55ff842acdc0_0, 0, 1;
    %delay 300, 0;
    %pushi/vec4 0, 0, 1;
    %store/vec4 v0x55ff842acdc0_0, 0, 1;
    %jmp T_5;
    .thread T_5;
    .scope S_0x55ff8428bce0;
T_6 ;
    %vpi_call 2 75 "$monitor", $time, " | J=%b | P=%b | C=%b", v0x55ff842accf0_0, v0x55ff842acec0_0, v0x55ff842acc30_0 {0 0 0};
    %end;
    .thread T_6;
# The file index is used to find the file name in the following table.
:file_names 4;
    "N/A";
    "<interactive>";
    "test_bench.v";
    "./main_ltc.v";
