#! /usr/bin/vvp
:ivl_version "10.1 (stable)";
:ivl_delay_selection "TYPICAL";
:vpi_time_precision - 11;
:vpi_module "system";
:vpi_module "vhdl_sys";
:vpi_module "v2005_math";
:vpi_module "va_math";
S_0x5568c589dd10 .scope module, "test_bench" "test_bench" 2 5;
 .timescale -9 -11;
P_0x5568c589da20 .param/l "FIN" 0 2 24, +C4<00000000000000000000000011111010>;
P_0x5568c589da60 .param/l "FINSNT" 0 2 25, +C4<0000000000000000000000000011101000110101001010010100010000000000>;
P_0x5568c589daa0 .param/l "HCY" 0 2 26, +C4<00011101110011010110010100000000>;
P_0x5568c589dae0 .param/l "HOW_LONG_TO_N" 0 2 28, +C4<00000000000000000000000000110111>;
P_0x5568c589db20 .param/l "SNT" 0 2 7, +C4<00111011100110101100101000000000>;
P_0x5568c589db60 .param/l "UHC" 0 2 27, +C4<00000000000001111010000100100000>;
v0x5568c58c6840_0 .net "Cg", 0 0, L_0x5568c58c7750;  1 drivers
v0x5568c58c6900_0 .net "Cr", 0 0, L_0x5568c58c8010;  1 drivers
v0x5568c58c69a0_0 .net "Cy", 0 0, L_0x5568c58c7690;  1 drivers
v0x5568c58c6aa0_0 .net "Jg", 0 0, L_0x5568c58c75a0;  1 drivers
v0x5568c58c6b70_0 .net "Jr", 0 0, L_0x5568c58c7b50;  1 drivers
v0x5568c58c6c60_0 .net "Jy", 0 0, L_0x5568c58c74e0;  1 drivers
v0x5568c58c6d30_0 .var "N", 0 0;
v0x5568c58c6dd0_0 .net "Pg", 0 0, L_0x5568c58c7470;  1 drivers
v0x5568c58c6ea0_0 .net "Pr", 0 0, L_0x5568c58c7320;  1 drivers
v0x5568c58c6f70_0 .var "clk", 0 0;
v0x5568c58c7010_0 .var/i "i", 31 0;
v0x5568c58c70b0_0 .var "rst", 0 0;
S_0x5568c58a0cd0 .scope module, "nl" "ltc" 2 36, 3 3 0, S_0x5568c589dd10;
 .timescale -9 -11;
    .port_info 0 /OUTPUT 1 "Jr"
    .port_info 1 /OUTPUT 1 "Pr"
    .port_info 2 /OUTPUT 1 "Cr"
    .port_info 3 /OUTPUT 1 "Jy"
    .port_info 4 /OUTPUT 1 "Cy"
    .port_info 5 /OUTPUT 1 "Jg"
    .port_info 6 /OUTPUT 1 "Pg"
    .port_info 7 /OUTPUT 1 "Cg"
    .port_info 8 /INPUT 1 "clk"
    .port_info 9 /INPUT 1 "N"
    .port_info 10 /INPUT 1 "rst"
L_0x5568c58c7320 .functor NOT 1, v0x5568c58c32a0_0, C4<0>, C4<0>, C4<0>;
L_0x5568c58c7470 .functor BUFZ 1, v0x5568c58c32a0_0, C4<0>, C4<0>, C4<0>;
L_0x5568c58c74e0 .functor BUFZ 1, v0x5568c58c4570_0, C4<0>, C4<0>, C4<0>;
L_0x5568c58c75a0 .functor BUFZ 1, v0x5568c58c43f0_0, C4<0>, C4<0>, C4<0>;
L_0x5568c58c7690 .functor BUFZ 1, v0x5568c58c41a0_0, C4<0>, C4<0>, C4<0>;
L_0x5568c58c7750 .functor BUFZ 1, v0x5568c58c4010_0, C4<0>, C4<0>, C4<0>;
v0x5568c58c50e0_0 .net "C", 0 0, L_0x5568c58617f0;  1 drivers
v0x5568c58c51a0_0 .net "Cg", 0 0, L_0x5568c58c7750;  alias, 1 drivers
v0x5568c58c5260_0 .net "Cgw", 0 0, v0x5568c58c4010_0;  1 drivers
v0x5568c58c5330_0 .net "Cr", 0 0, L_0x5568c58c8010;  alias, 1 drivers
v0x5568c58c53d0_0 .net "Cy", 0 0, L_0x5568c58c7690;  alias, 1 drivers
v0x5568c58c54c0_0 .net "Cyw", 0 0, v0x5568c58c41a0_0;  1 drivers
v0x5568c58c5560_0 .net "J", 0 0, L_0x5568c5861c50;  1 drivers
v0x5568c58c5650_0 .net "Jg", 0 0, L_0x5568c58c75a0;  alias, 1 drivers
v0x5568c58c56f0_0 .net "Jgw", 0 0, v0x5568c58c43f0_0;  1 drivers
v0x5568c58c5790_0 .net "Jr", 0 0, L_0x5568c58c7b50;  alias, 1 drivers
v0x5568c58c5830_0 .net "Jy", 0 0, L_0x5568c58c74e0;  alias, 1 drivers
v0x5568c58c58f0_0 .net "Jyw", 0 0, v0x5568c58c4570_0;  1 drivers
v0x5568c58c59c0_0 .net "N", 0 0, v0x5568c58c6d30_0;  1 drivers
v0x5568c58c5a60_0 .net "P", 0 0, v0x5568c58c32a0_0;  1 drivers
v0x5568c58c5b50_0 .net "Pg", 0 0, L_0x5568c58c7470;  alias, 1 drivers
v0x5568c58c5bf0_0 .net "Pr", 0 0, L_0x5568c58c7320;  alias, 1 drivers
L_0x7f0b94108018 .functor BUFT 1, C4<00>, C4<0>, C4<0>, C4<0>;
v0x5568c58c5cb0_0 .net/2s *"_s12", 1 0, L_0x7f0b94108018;  1 drivers
L_0x7f0b94108060 .functor BUFT 1, C4<00>, C4<0>, C4<0>, C4<0>;
v0x5568c58c5d90_0 .net/2s *"_s14", 1 0, L_0x7f0b94108060;  1 drivers
L_0x7f0b941080a8 .functor BUFT 1, C4<01>, C4<0>, C4<0>, C4<0>;
v0x5568c58c5e70_0 .net/2s *"_s16", 1 0, L_0x7f0b941080a8;  1 drivers
v0x5568c58c5f50_0 .net *"_s18", 1 0, L_0x5568c58c7850;  1 drivers
v0x5568c58c6030_0 .net *"_s20", 1 0, L_0x5568c58c79d0;  1 drivers
L_0x7f0b941080f0 .functor BUFT 1, C4<00>, C4<0>, C4<0>, C4<0>;
v0x5568c58c6110_0 .net/2s *"_s24", 1 0, L_0x7f0b941080f0;  1 drivers
L_0x7f0b94108138 .functor BUFT 1, C4<00>, C4<0>, C4<0>, C4<0>;
v0x5568c58c61f0_0 .net/2s *"_s26", 1 0, L_0x7f0b94108138;  1 drivers
L_0x7f0b94108180 .functor BUFT 1, C4<01>, C4<0>, C4<0>, C4<0>;
v0x5568c58c62d0_0 .net/2s *"_s28", 1 0, L_0x7f0b94108180;  1 drivers
v0x5568c58c63b0_0 .net *"_s30", 1 0, L_0x5568c58c7ce0;  1 drivers
v0x5568c58c6490_0 .net *"_s32", 1 0, L_0x5568c58c7e90;  1 drivers
v0x5568c58c6570_0 .net "clk", 0 0, v0x5568c58c6f70_0;  1 drivers
v0x5568c58c6660_0 .net "rst", 0 0, v0x5568c58c70b0_0;  1 drivers
L_0x5568c58c7850 .functor MUXZ 2, L_0x7f0b941080a8, L_0x7f0b94108060, v0x5568c58c43f0_0, C4<>;
L_0x5568c58c79d0 .functor MUXZ 2, L_0x5568c58c7850, L_0x7f0b94108018, v0x5568c58c4570_0, C4<>;
L_0x5568c58c7b50 .part L_0x5568c58c79d0, 0, 1;
L_0x5568c58c7ce0 .functor MUXZ 2, L_0x7f0b94108180, L_0x7f0b94108138, v0x5568c58c4010_0, C4<>;
L_0x5568c58c7e90 .functor MUXZ 2, L_0x5568c58c7ce0, L_0x7f0b941080f0, v0x5568c58c41a0_0, C4<>;
L_0x5568c58c8010 .part L_0x5568c58c7e90, 0, 1;
S_0x5568c589f670 .scope module, "nm" "main_ltc" 3 17, 4 3 0, S_0x5568c58a0cd0;
 .timescale -9 -11;
    .port_info 0 /OUTPUT 1 "J"
    .port_info 1 /OUTPUT 1 "P"
    .port_info 2 /OUTPUT 1 "C"
    .port_info 3 /INPUT 1 "clk"
    .port_info 4 /INPUT 1 "N"
    .port_info 5 /INPUT 1 "rst"
P_0x5568c58a38c0 .param/l "DEBUG_ABLE_ERROR" 0 4 21, +C4<00000000000000000000000000000001>;
P_0x5568c58a3900 .param/l "DEBUG_CLK" 0 4 18, +C4<00000000000000000000000000000000>;
P_0x5568c58a3940 .param/l "DEBUG_PRINT_COUNTER" 0 4 20, +C4<00000000000000000000000000000000>;
P_0x5568c58a3980 .param/l "DEBUG_VIEW_TIME" 0 4 19, +C4<00000000000000000000000000000000>;
P_0x5568c58a39c0 .param/l "L" 0 4 16, +C4<00000000000000000000000000001010>;
P_0x5568c58a3a00 .param/l "S" 0 4 17, +C4<00000000000000000000000000000011>;
P_0x5568c58a3a40 .param/l "UCY" 0 4 12, +C4<00000000000000000000001111101000>;
L_0x5568c5861c50 .functor BUFZ 1, v0x5568c58c2e90_0, C4<0>, C4<0>, C4<0>;
L_0x5568c58617f0 .functor BUFZ 1, v0x5568c58c2d00_0, C4<0>, C4<0>, C4<0>;
v0x5568c58a3380_0 .net "C", 0 0, L_0x5568c58617f0;  alias, 1 drivers
v0x5568c58c2d00_0 .var "Cr", 0 0;
v0x5568c58c2dc0_0 .net "J", 0 0, L_0x5568c5861c50;  alias, 1 drivers
v0x5568c58c2e90_0 .var "Jr", 0 0;
v0x5568c58c2f50_0 .net "N", 0 0, v0x5568c58c6d30_0;  alias, 1 drivers
v0x5568c58c3060_0 .var "Nd", 0 0;
v0x5568c58c3120_0 .var "Nr", 0 0;
v0x5568c58c31e0_0 .net "P", 0 0, v0x5568c58c32a0_0;  alias, 1 drivers
v0x5568c58c32a0_0 .var "Pr", 0 0;
v0x5568c58c3360_0 .net "clk", 0 0, v0x5568c58c6f70_0;  alias, 1 drivers
v0x5568c58c3420_0 .var "counter", 11 0;
v0x5568c58c3500_0 .net "rst", 0 0, v0x5568c58c70b0_0;  alias, 1 drivers
v0x5568c58c35c0_0 .var "thcount", 11 0;
E_0x5568c5827b40 .event posedge, v0x5568c58c2f50_0, v0x5568c58c3360_0;
E_0x5568c585d1c0 .event edge, v0x5568c58c3500_0;
S_0x5568c58c3760 .scope module, "ny" "yg" 3 25, 5 3 0, S_0x5568c58a0cd0;
 .timescale -9 -11;
    .port_info 0 /INPUT 1 "J"
    .port_info 1 /INPUT 1 "P"
    .port_info 2 /INPUT 1 "C"
    .port_info 3 /INPUT 1 "clk"
    .port_info 4 /INPUT 1 "N"
    .port_info 5 /INPUT 1 "rst"
    .port_info 6 /OUTPUT 1 "Jy"
    .port_info 7 /OUTPUT 1 "Jg"
    .port_info 8 /OUTPUT 1 "Cy"
    .port_info 9 /OUTPUT 1 "Cg"
P_0x5568c589e090 .param/l "DEBUG_CLK" 0 5 24, +C4<00000000000000000000000000000000>;
P_0x5568c589e0d0 .param/l "DEBUG_PRINT_COUNTER" 0 5 26, +C4<00000000000000000000000000000000>;
P_0x5568c589e110 .param/l "DEBUG_VIEW_TIME" 0 5 25, +C4<00000000000000000000000000000000>;
P_0x5568c589e150 .param/l "L" 0 5 22, +C4<00000000000000000000000000001010>;
P_0x5568c589e190 .param/l "S" 0 5 23, +C4<00000000000000000000000000000011>;
P_0x5568c589e1d0 .param/l "UCY" 0 5 21, +C4<00000000000000000000001111101000>;
v0x5568c58c3ed0_0 .net "C", 0 0, L_0x5568c58617f0;  alias, 1 drivers
v0x5568c58c3f70_0 .net "Cg", 0 0, v0x5568c58c4010_0;  alias, 1 drivers
v0x5568c58c4010_0 .var "Cgr", 0 0;
v0x5568c58c40e0_0 .net "Cy", 0 0, v0x5568c58c41a0_0;  alias, 1 drivers
v0x5568c58c41a0_0 .var "Cyr", 0 0;
v0x5568c58c42b0_0 .net "J", 0 0, L_0x5568c5861c50;  alias, 1 drivers
v0x5568c58c4350_0 .net "Jg", 0 0, v0x5568c58c43f0_0;  alias, 1 drivers
v0x5568c58c43f0_0 .var "Jgr", 0 0;
v0x5568c58c44b0_0 .net "Jy", 0 0, v0x5568c58c4570_0;  alias, 1 drivers
v0x5568c58c4570_0 .var "Jyr", 0 0;
v0x5568c58c4630_0 .net "N", 0 0, v0x5568c58c6d30_0;  alias, 1 drivers
v0x5568c58c4700_0 .net "P", 0 0, v0x5568c58c32a0_0;  alias, 1 drivers
v0x5568c58c47d0_0 .var "SPjc", 0 0;
v0x5568c58c4870_0 .var "SPkill", 0 0;
v0x5568c58c4910_0 .var "SPnp", 0 0;
v0x5568c58c49d0_0 .var "SPprev", 0 0;
v0x5568c58c4a90_0 .net "clk", 0 0, v0x5568c58c6f70_0;  alias, 1 drivers
v0x5568c58c4b60_0 .var "counter", 11 0;
v0x5568c58c4c20_0 .var "lck", 0 0;
o0x7f0b94151648 .functor BUFZ 1, C4<z>; HiZ drive
v0x5568c58c4ce0_0 .net "rst", 0 0, o0x7f0b94151648;  0 drivers
v0x5568c58c4da0_0 .var "sp", 0 0;
v0x5568c58c4e60_0 .var "thcount", 11 0;
E_0x5568c585cdc0/0 .event posedge, v0x5568c58c31e0_0, v0x5568c58c2dc0_0, v0x5568c58a3380_0, v0x5568c58c2f50_0;
E_0x5568c585cdc0/1 .event posedge, v0x5568c58c3360_0;
E_0x5568c585cdc0 .event/or E_0x5568c585cdc0/0, E_0x5568c585cdc0/1;
E_0x5568c58a23e0 .event negedge, v0x5568c58c3360_0;
E_0x5568c58a3420 .event edge, v0x5568c58c47d0_0, v0x5568c58c4910_0;
E_0x5568c58c3d40 .event posedge, v0x5568c58a3380_0, v0x5568c58c2dc0_0;
E_0x5568c58c3dd0 .event posedge, v0x5568c58c31e0_0, v0x5568c58c2f50_0;
E_0x5568c58c3e30 .event edge, v0x5568c58c4ce0_0;
    .scope S_0x5568c589f670;
T_0 ;
    %wait E_0x5568c585d1c0;
    %pushi/vec4 0, 0, 12;
    %store/vec4 v0x5568c58c3420_0, 0, 12;
    %pushi/vec4 0, 0, 12;
    %store/vec4 v0x5568c58c35c0_0, 0, 12;
    %pushi/vec4 1, 0, 1;
    %store/vec4 v0x5568c58c2e90_0, 0, 1;
    %pushi/vec4 0, 0, 1;
    %store/vec4 v0x5568c58c32a0_0, 0, 1;
    %pushi/vec4 0, 0, 1;
    %store/vec4 v0x5568c58c2d00_0, 0, 1;
    %pushi/vec4 0, 0, 1;
    %store/vec4 v0x5568c58c3120_0, 0, 1;
    %pushi/vec4 1, 0, 1;
    %store/vec4 v0x5568c58c3060_0, 0, 1;
    %jmp T_0;
    .thread T_0, $push;
    .scope S_0x5568c589f670;
T_1 ;
    %wait E_0x5568c5827b40;
    %load/vec4 v0x5568c58c2f50_0;
    %flag_set/vec4 8;
    %load/vec4 v0x5568c58c3120_0;
    %flag_set/vec4 9;
    %flag_or 9, 8;
    %jmp/0xz  T_1.0, 9;
    %load/vec4 v0x5568c58c3060_0;
    %flag_set/vec4 8;
    %jmp/0 T_1.2, 8;
    %load/vec4 v0x5568c58c2f50_0;
    %jmp/1 T_1.3, 8;
T_1.2 ; End of true expr.
    %load/vec4 v0x5568c58c3120_0;
    %jmp/0 T_1.3, 8;
 ; End of false expr.
    %blend;
T_1.3;
    %store/vec4 v0x5568c58c3120_0, 0, 1;
    %load/vec4 v0x5568c58c3060_0;
    %flag_set/vec4 8;
    %jmp/0 T_1.4, 8;
    %pushi/vec4 0, 0, 12;
    %jmp/1 T_1.5, 8;
T_1.4 ; End of true expr.
    %load/vec4 v0x5568c58c35c0_0;
    %jmp/0 T_1.5, 8;
 ; End of false expr.
    %blend;
T_1.5;
    %store/vec4 v0x5568c58c35c0_0, 0, 12;
    %load/vec4 v0x5568c58c3060_0;
    %flag_set/vec4 8;
    %jmp/0 T_1.6, 8;
    %pushi/vec4 0, 0, 12;
    %jmp/1 T_1.7, 8;
T_1.6 ; End of true expr.
    %load/vec4 v0x5568c58c3420_0;
    %jmp/0 T_1.7, 8;
 ; End of false expr.
    %blend;
T_1.7;
    %store/vec4 v0x5568c58c3420_0, 0, 12;
    %pushi/vec4 0, 0, 1;
    %store/vec4 v0x5568c58c3060_0, 0, 1;
    %load/vec4 v0x5568c58c32a0_0;
    %flag_set/vec4 8;
    %jmp/0xz  T_1.8, 8;
    %load/vec4 v0x5568c58c32a0_0;
    %inv;
    %store/vec4 v0x5568c58c32a0_0, 0, 1;
    %load/vec4 v0x5568c58c2d00_0;
    %inv;
    %store/vec4 v0x5568c58c2d00_0, 0, 1;
    %pushi/vec4 0, 0, 1;
    %store/vec4 v0x5568c58c3120_0, 0, 1;
    %pushi/vec4 1, 0, 1;
    %store/vec4 v0x5568c58c3060_0, 0, 1;
    %pushi/vec4 0, 0, 12;
    %store/vec4 v0x5568c58c3420_0, 0, 12;
    %pushi/vec4 0, 0, 12;
    %store/vec4 v0x5568c58c35c0_0, 0, 12;
    %jmp T_1.9;
T_1.8 ;
    %load/vec4 v0x5568c58c3420_0;
    %pad/u 32;
    %cmpi/u 3, 0, 32;
    %jmp/0xz  T_1.10, 5;
    %load/vec4 v0x5568c58c35c0_0;
    %pad/u 32;
    %cmpi/u 1000, 0, 32;
    %jmp/0xz  T_1.12, 5;
    %load/vec4 v0x5568c58c35c0_0;
    %addi 1, 0, 12;
    %store/vec4 v0x5568c58c35c0_0, 0, 12;
    %jmp T_1.13;
T_1.12 ;
    %pushi/vec4 0, 0, 12;
    %store/vec4 v0x5568c58c35c0_0, 0, 12;
    %load/vec4 v0x5568c58c3420_0;
    %addi 1, 0, 12;
    %store/vec4 v0x5568c58c3420_0, 0, 12;
T_1.13 ;
    %jmp T_1.11;
T_1.10 ;
    %load/vec4 v0x5568c58c2e90_0;
    %flag_set/vec4 8;
    %jmp/0xz  T_1.14, 8;
    %pushi/vec4 0, 0, 1;
    %store/vec4 v0x5568c58c2d00_0, 0, 1;
    %pushi/vec4 1, 0, 1;
    %store/vec4 v0x5568c58c32a0_0, 0, 1;
    %pushi/vec4 0, 0, 1;
    %store/vec4 v0x5568c58c2e90_0, 0, 1;
    %jmp T_1.15;
T_1.14 ;
    %load/vec4 v0x5568c58c2d00_0;
    %flag_set/vec4 8;
    %jmp/0xz  T_1.16, 8;
    %pushi/vec4 1, 0, 1;
    %store/vec4 v0x5568c58c2e90_0, 0, 1;
    %pushi/vec4 0, 0, 1;
    %store/vec4 v0x5568c58c32a0_0, 0, 1;
    %pushi/vec4 0, 0, 1;
    %store/vec4 v0x5568c58c2d00_0, 0, 1;
    %jmp T_1.17;
T_1.16 ;
    %vpi_call 4 101 "$display", "ERROR.info=@N[Jr,Cr](all!=1)!" {0 0 0};
T_1.17 ;
T_1.15 ;
    %pushi/vec4 0, 0, 1;
    %store/vec4 v0x5568c58c3120_0, 0, 1;
    %pushi/vec4 1, 0, 1;
    %store/vec4 v0x5568c58c3060_0, 0, 1;
    %pushi/vec4 0, 0, 12;
    %store/vec4 v0x5568c58c3420_0, 0, 12;
    %pushi/vec4 0, 0, 12;
    %store/vec4 v0x5568c58c35c0_0, 0, 12;
T_1.11 ;
T_1.9 ;
    %jmp T_1.1;
T_1.0 ;
    %load/vec4 v0x5568c58c2e90_0;
    %flag_set/vec4 8;
    %jmp/0xz  T_1.18, 8;
    %load/vec4 v0x5568c58c3420_0;
    %pad/u 32;
    %cmpi/u 13, 0, 32;
    %jmp/0xz  T_1.20, 5;
    %load/vec4 v0x5568c58c35c0_0;
    %pad/u 32;
    %cmpi/u 1000, 0, 32;
    %jmp/0xz  T_1.22, 5;
    %load/vec4 v0x5568c58c35c0_0;
    %addi 1, 0, 12;
    %store/vec4 v0x5568c58c35c0_0, 0, 12;
    %jmp T_1.23;
T_1.22 ;
    %load/vec4 v0x5568c58c3420_0;
    %addi 1, 0, 12;
    %store/vec4 v0x5568c58c3420_0, 0, 12;
    %pushi/vec4 0, 0, 12;
    %store/vec4 v0x5568c58c35c0_0, 0, 12;
T_1.23 ;
    %jmp T_1.21;
T_1.20 ;
    %pushi/vec4 0, 0, 12;
    %store/vec4 v0x5568c58c3420_0, 0, 12;
    %load/vec4 v0x5568c58c2e90_0;
    %inv;
    %store/vec4 v0x5568c58c2e90_0, 0, 1;
    %load/vec4 v0x5568c58c32a0_0;
    %inv;
    %store/vec4 v0x5568c58c32a0_0, 0, 1;
T_1.21 ;
    %jmp T_1.19;
T_1.18 ;
    %load/vec4 v0x5568c58c32a0_0;
    %flag_set/vec4 8;
    %jmp/0xz  T_1.24, 8;
    %load/vec4 v0x5568c58c3420_0;
    %pad/u 32;
    %cmpi/u 7, 0, 32;
    %jmp/0xz  T_1.26, 5;
    %load/vec4 v0x5568c58c35c0_0;
    %pad/u 32;
    %cmpi/u 1000, 0, 32;
    %jmp/0xz  T_1.28, 5;
    %load/vec4 v0x5568c58c35c0_0;
    %addi 1, 0, 12;
    %store/vec4 v0x5568c58c35c0_0, 0, 12;
    %jmp T_1.29;
T_1.28 ;
    %load/vec4 v0x5568c58c3420_0;
    %addi 1, 0, 12;
    %store/vec4 v0x5568c58c3420_0, 0, 12;
    %pushi/vec4 0, 0, 12;
    %store/vec4 v0x5568c58c35c0_0, 0, 12;
T_1.29 ;
    %jmp T_1.27;
T_1.26 ;
    %pushi/vec4 0, 0, 12;
    %store/vec4 v0x5568c58c3420_0, 0, 12;
    %load/vec4 v0x5568c58c2d00_0;
    %inv;
    %store/vec4 v0x5568c58c2d00_0, 0, 1;
    %load/vec4 v0x5568c58c32a0_0;
    %inv;
    %store/vec4 v0x5568c58c32a0_0, 0, 1;
T_1.27 ;
    %jmp T_1.25;
T_1.24 ;
    %load/vec4 v0x5568c58c2d00_0;
    %flag_set/vec4 8;
    %jmp/0xz  T_1.30, 8;
    %load/vec4 v0x5568c58c3420_0;
    %pad/u 32;
    %cmpi/u 16, 0, 32;
    %jmp/0xz  T_1.32, 5;
    %load/vec4 v0x5568c58c35c0_0;
    %pad/u 32;
    %cmpi/u 1000, 0, 32;
    %jmp/0xz  T_1.34, 5;
    %load/vec4 v0x5568c58c35c0_0;
    %addi 1, 0, 12;
    %store/vec4 v0x5568c58c35c0_0, 0, 12;
    %jmp T_1.35;
T_1.34 ;
    %load/vec4 v0x5568c58c3420_0;
    %addi 1, 0, 12;
    %store/vec4 v0x5568c58c3420_0, 0, 12;
    %pushi/vec4 0, 0, 12;
    %store/vec4 v0x5568c58c35c0_0, 0, 12;
T_1.35 ;
    %jmp T_1.33;
T_1.32 ;
    %pushi/vec4 0, 0, 12;
    %store/vec4 v0x5568c58c3420_0, 0, 12;
    %load/vec4 v0x5568c58c2e90_0;
    %inv;
    %store/vec4 v0x5568c58c2e90_0, 0, 1;
    %load/vec4 v0x5568c58c2d00_0;
    %inv;
    %store/vec4 v0x5568c58c2d00_0, 0, 1;
T_1.33 ;
T_1.30 ;
T_1.25 ;
T_1.19 ;
T_1.1 ;
    %jmp T_1;
    .thread T_1;
    .scope S_0x5568c58c3760;
T_2 ;
    %wait E_0x5568c58c3e30;
    %pushi/vec4 0, 0, 1;
    %store/vec4 v0x5568c58c4570_0, 0, 1;
    %pushi/vec4 0, 0, 1;
    %store/vec4 v0x5568c58c43f0_0, 0, 1;
    %pushi/vec4 0, 0, 1;
    %store/vec4 v0x5568c58c41a0_0, 0, 1;
    %pushi/vec4 0, 0, 1;
    %store/vec4 v0x5568c58c4010_0, 0, 1;
    %pushi/vec4 0, 0, 1;
    %store/vec4 v0x5568c58c4910_0, 0, 1;
    %pushi/vec4 0, 0, 1;
    %store/vec4 v0x5568c58c47d0_0, 0, 1;
    %pushi/vec4 0, 0, 1;
    %store/vec4 v0x5568c58c4da0_0, 0, 1;
    %pushi/vec4 0, 0, 1;
    %store/vec4 v0x5568c58c49d0_0, 0, 1;
    %pushi/vec4 0, 0, 1;
    %store/vec4 v0x5568c58c4870_0, 0, 1;
    %pushi/vec4 0, 0, 1;
    %store/vec4 v0x5568c58c4c20_0, 0, 1;
    %pushi/vec4 0, 0, 12;
    %store/vec4 v0x5568c58c4b60_0, 0, 12;
    %pushi/vec4 0, 0, 12;
    %store/vec4 v0x5568c58c4e60_0, 0, 12;
    %jmp T_2;
    .thread T_2, $push;
    .scope S_0x5568c58c3760;
T_3 ;
    %wait E_0x5568c58c3dd0;
    %load/vec4 v0x5568c58c4910_0;
    %inv;
    %store/vec4 v0x5568c58c4910_0, 0, 1;
    %jmp T_3;
    .thread T_3;
    .scope S_0x5568c58c3760;
T_4 ;
    %wait E_0x5568c58c3d40;
    %load/vec4 v0x5568c58c47d0_0;
    %inv;
    %store/vec4 v0x5568c58c47d0_0, 0, 1;
    %jmp T_4;
    .thread T_4;
    .scope S_0x5568c58c3760;
T_5 ;
    %wait E_0x5568c58a3420;
    %pushi/vec4 1, 0, 1;
    %store/vec4 v0x5568c58c4da0_0, 0, 1;
    %jmp T_5;
    .thread T_5, $push;
    .scope S_0x5568c58c3760;
T_6 ;
    %wait E_0x5568c58a23e0;
    %load/vec4 v0x5568c58c4870_0;
    %flag_set/vec4 8;
    %jmp/0xz  T_6.0, 8;
    %pushi/vec4 0, 0, 1;
    %store/vec4 v0x5568c58c4da0_0, 0, 1;
    %pushi/vec4 0, 0, 1;
    %store/vec4 v0x5568c58c4870_0, 0, 1;
    %load/vec4 v0x5568c58c4da0_0;
    %store/vec4 v0x5568c58c49d0_0, 0, 1;
    %jmp T_6.1;
T_6.0 ;
    %load/vec4 v0x5568c58c49d0_0;
    %load/vec4 v0x5568c58c4da0_0;
    %cmp/ne;
    %jmp/0xz  T_6.2, 4;
    %pushi/vec4 1, 0, 1;
    %store/vec4 v0x5568c58c4870_0, 0, 1;
    %jmp T_6.3;
T_6.2 ;
    %load/vec4 v0x5568c58c4da0_0;
    %store/vec4 v0x5568c58c49d0_0, 0, 1;
T_6.3 ;
T_6.1 ;
    %jmp T_6;
    .thread T_6;
    .scope S_0x5568c58c3760;
T_7 ;
    %wait E_0x5568c585cdc0;
    %load/vec4 v0x5568c58c4da0_0;
    %flag_set/vec4 8;
    %jmp/0 T_7.0, 8;
    %pushi/vec4 0, 0, 12;
    %jmp/1 T_7.1, 8;
T_7.0 ; End of true expr.
    %load/vec4 v0x5568c58c4b60_0;
    %jmp/0 T_7.1, 8;
 ; End of false expr.
    %blend;
T_7.1;
    %store/vec4 v0x5568c58c4b60_0, 0, 12;
    %load/vec4 v0x5568c58c4da0_0;
    %flag_set/vec4 8;
    %jmp/0 T_7.2, 8;
    %pushi/vec4 0, 0, 12;
    %jmp/1 T_7.3, 8;
T_7.2 ; End of true expr.
    %load/vec4 v0x5568c58c4e60_0;
    %jmp/0 T_7.3, 8;
 ; End of false expr.
    %blend;
T_7.3;
    %store/vec4 v0x5568c58c4e60_0, 0, 12;
    %load/vec4 v0x5568c58c4da0_0;
    %flag_set/vec4 8;
    %jmp/0 T_7.4, 8;
    %load/vec4 v0x5568c58c42b0_0;
    %flag_set/vec4 9;
    %jmp/0 T_7.6, 9;
    %load/vec4 v0x5568c58c4c20_0;
    %flag_set/vec4 10;
    %jmp/0 T_7.8, 10;
    %pushi/vec4 0, 0, 2;
    %jmp/1 T_7.9, 10;
T_7.8 ; End of true expr.
    %pushi/vec4 1, 0, 2;
    %jmp/0 T_7.9, 10;
 ; End of false expr.
    %blend;
T_7.9;
    %jmp/1 T_7.7, 9;
T_7.6 ; End of true expr.
    %pushi/vec4 0, 0, 2;
    %jmp/0 T_7.7, 9;
 ; End of false expr.
    %blend;
T_7.7;
    %jmp/1 T_7.5, 8;
T_7.4 ; End of true expr.
    %load/vec4 v0x5568c58c43f0_0;
    %pad/u 2;
    %jmp/0 T_7.5, 8;
 ; End of false expr.
    %blend;
T_7.5;
    %pad/u 1;
    %store/vec4 v0x5568c58c43f0_0, 0, 1;
    %load/vec4 v0x5568c58c4da0_0;
    %flag_set/vec4 8;
    %jmp/0 T_7.10, 8;
    %load/vec4 v0x5568c58c3ed0_0;
    %flag_set/vec4 9;
    %jmp/0 T_7.12, 9;
    %load/vec4 v0x5568c58c4c20_0;
    %flag_set/vec4 10;
    %jmp/0 T_7.14, 10;
    %pushi/vec4 0, 0, 2;
    %jmp/1 T_7.15, 10;
T_7.14 ; End of true expr.
    %pushi/vec4 1, 0, 2;
    %jmp/0 T_7.15, 10;
 ; End of false expr.
    %blend;
T_7.15;
    %jmp/1 T_7.13, 9;
T_7.12 ; End of true expr.
    %pushi/vec4 0, 0, 2;
    %jmp/0 T_7.13, 9;
 ; End of false expr.
    %blend;
T_7.13;
    %jmp/1 T_7.11, 8;
T_7.10 ; End of true expr.
    %load/vec4 v0x5568c58c4010_0;
    %pad/u 2;
    %jmp/0 T_7.11, 8;
 ; End of false expr.
    %blend;
T_7.11;
    %pad/u 1;
    %store/vec4 v0x5568c58c4010_0, 0, 1;
    %load/vec4 v0x5568c58c4da0_0;
    %flag_set/vec4 8;
    %jmp/0 T_7.16, 8;
    %pushi/vec4 0, 0, 1;
    %jmp/1 T_7.17, 8;
T_7.16 ; End of true expr.
    %load/vec4 v0x5568c58c4570_0;
    %jmp/0 T_7.17, 8;
 ; End of false expr.
    %blend;
T_7.17;
    %store/vec4 v0x5568c58c4570_0, 0, 1;
    %load/vec4 v0x5568c58c4da0_0;
    %flag_set/vec4 8;
    %jmp/0 T_7.18, 8;
    %pushi/vec4 0, 0, 1;
    %jmp/1 T_7.19, 8;
T_7.18 ; End of true expr.
    %load/vec4 v0x5568c58c41a0_0;
    %jmp/0 T_7.19, 8;
 ; End of false expr.
    %blend;
T_7.19;
    %store/vec4 v0x5568c58c41a0_0, 0, 1;
    %load/vec4 v0x5568c58c4da0_0;
    %flag_set/vec4 8;
    %jmp/0 T_7.20, 8;
    %pushi/vec4 0, 0, 1;
    %jmp/1 T_7.21, 8;
T_7.20 ; End of true expr.
    %load/vec4 v0x5568c58c4c20_0;
    %jmp/0 T_7.21, 8;
 ; End of false expr.
    %blend;
T_7.21;
    %store/vec4 v0x5568c58c4c20_0, 0, 1;
    %load/vec4 v0x5568c58c4630_0;
    %flag_set/vec4 8;
    %load/vec4 v0x5568c58c4c20_0;
    %flag_set/vec4 9;
    %flag_or 9, 8;
    %jmp/0xz  T_7.22, 9;
    %pushi/vec4 1, 0, 1;
    %store/vec4 v0x5568c58c4c20_0, 0, 1;
    %load/vec4 v0x5568c58c42b0_0;
    %flag_set/vec4 8;
    %jmp/0 T_7.24, 8;
    %pushi/vec4 1, 0, 2;
    %jmp/1 T_7.25, 8;
T_7.24 ; End of true expr.
    %pushi/vec4 0, 0, 2;
    %jmp/0 T_7.25, 8;
 ; End of false expr.
    %blend;
T_7.25;
    %pad/s 1;
    %store/vec4 v0x5568c58c4570_0, 0, 1;
    %load/vec4 v0x5568c58c3ed0_0;
    %flag_set/vec4 8;
    %jmp/0 T_7.26, 8;
    %pushi/vec4 1, 0, 2;
    %jmp/1 T_7.27, 8;
T_7.26 ; End of true expr.
    %pushi/vec4 0, 0, 2;
    %jmp/0 T_7.27, 8;
 ; End of false expr.
    %blend;
T_7.27;
    %pad/s 1;
    %store/vec4 v0x5568c58c41a0_0, 0, 1;
    %pushi/vec4 0, 0, 1;
    %store/vec4 v0x5568c58c43f0_0, 0, 1;
    %pushi/vec4 0, 0, 1;
    %store/vec4 v0x5568c58c4010_0, 0, 1;
    %jmp T_7.23;
T_7.22 ;
    %load/vec4 v0x5568c58c42b0_0;
    %flag_set/vec4 8;
    %jmp/0xz  T_7.28, 8;
    %load/vec4 v0x5568c58c4b60_0;
    %pad/u 32;
    %cmpi/u 10, 0, 32;
    %jmp/0xz  T_7.30, 5;
    %load/vec4 v0x5568c58c4e60_0;
    %pad/u 32;
    %cmpi/u 1000, 0, 32;
    %jmp/0xz  T_7.32, 5;
    %load/vec4 v0x5568c58c4e60_0;
    %addi 1, 0, 12;
    %store/vec4 v0x5568c58c4e60_0, 0, 12;
    %jmp T_7.33;
T_7.32 ;
    %load/vec4 v0x5568c58c4b60_0;
    %addi 1, 0, 12;
    %store/vec4 v0x5568c58c4b60_0, 0, 12;
    %pushi/vec4 0, 0, 12;
    %store/vec4 v0x5568c58c4e60_0, 0, 12;
T_7.33 ;
    %jmp T_7.31;
T_7.30 ;
    %pushi/vec4 0, 0, 12;
    %store/vec4 v0x5568c58c4b60_0, 0, 12;
    %pushi/vec4 0, 0, 1;
    %store/vec4 v0x5568c58c43f0_0, 0, 1;
    %pushi/vec4 1, 0, 1;
    %store/vec4 v0x5568c58c4570_0, 0, 1;
T_7.31 ;
    %jmp T_7.29;
T_7.28 ;
    %load/vec4 v0x5568c58c3ed0_0;
    %flag_set/vec4 8;
    %jmp/0xz  T_7.34, 8;
    %load/vec4 v0x5568c58c4b60_0;
    %pad/u 32;
    %cmpi/u 13, 0, 32;
    %jmp/0xz  T_7.36, 5;
    %load/vec4 v0x5568c58c4e60_0;
    %pad/u 32;
    %cmpi/u 1000, 0, 32;
    %jmp/0xz  T_7.38, 5;
    %load/vec4 v0x5568c58c4e60_0;
    %addi 1, 0, 12;
    %store/vec4 v0x5568c58c4e60_0, 0, 12;
    %jmp T_7.39;
T_7.38 ;
    %load/vec4 v0x5568c58c4b60_0;
    %addi 1, 0, 12;
    %store/vec4 v0x5568c58c4b60_0, 0, 12;
    %pushi/vec4 0, 0, 12;
    %store/vec4 v0x5568c58c4e60_0, 0, 12;
T_7.39 ;
    %jmp T_7.37;
T_7.36 ;
    %pushi/vec4 0, 0, 12;
    %store/vec4 v0x5568c58c4b60_0, 0, 12;
    %pushi/vec4 0, 0, 1;
    %store/vec4 v0x5568c58c4010_0, 0, 1;
    %pushi/vec4 1, 0, 1;
    %store/vec4 v0x5568c58c41a0_0, 0, 1;
T_7.37 ;
T_7.34 ;
T_7.29 ;
T_7.23 ;
    %jmp T_7;
    .thread T_7;
    .scope S_0x5568c589dd10;
T_8 ;
    %pushi/vec4 0, 0, 1;
    %store/vec4 v0x5568c58c6f70_0, 0, 1;
    %pushi/vec4 0, 0, 1;
    %store/vec4 v0x5568c58c6d30_0, 0, 1;
    %delay 100, 0;
    %pushi/vec4 1, 0, 1;
    %store/vec4 v0x5568c58c70b0_0, 0, 1;
    %delay 100, 0;
    %pushi/vec4 0, 0, 1;
    %store/vec4 v0x5568c58c70b0_0, 0, 1;
    %end;
    .thread T_8;
    .scope S_0x5568c589dd10;
T_9 ;
    %delay 50000000, 0;
    %load/vec4 v0x5568c58c6f70_0;
    %inv;
    %store/vec4 v0x5568c58c6f70_0, 0, 1;
    %jmp T_9;
    .thread T_9;
    .scope S_0x5568c589dd10;
T_10 ;
    %delay 3290337280, 5820;
    %vpi_call 2 66 "$finish" {0 0 0};
    %end;
    .thread T_10;
    .scope S_0x5568c589dd10;
T_11 ;
    %pushi/vec4 0, 0, 32;
    %store/vec4 v0x5568c58c7010_0, 0, 32;
T_11.0 ;
    %load/vec4 v0x5568c58c7010_0;
    %cmpi/s 55, 0, 32;
    %jmp/0xz T_11.1, 5;
    %delay 1215752192, 23;
    %load/vec4 v0x5568c58c7010_0;
    %addi 0, 0, 32;
    %store/vec4 v0x5568c58c7010_0, 0, 32;
    %load/vec4 v0x5568c58c7010_0;
    %addi 1, 0, 32;
    %store/vec4 v0x5568c58c7010_0, 0, 32;
    %jmp T_11.0;
T_11.1 ;
    %pushi/vec4 1, 0, 1;
    %store/vec4 v0x5568c58c6d30_0, 0, 1;
    %delay 300, 0;
    %pushi/vec4 0, 0, 1;
    %store/vec4 v0x5568c58c6d30_0, 0, 1;
    %jmp T_11;
    .thread T_11;
    .scope S_0x5568c589dd10;
T_12 ;
    %vpi_call 2 81 "$monitor", $time, " | N=%b | Jg=%b | Jy=%b | Jr=%b | Pg=%b | Pr=%b | Cg=%b | Cy=%b | Cr=%b", v0x5568c58c6d30_0, v0x5568c58c6aa0_0, v0x5568c58c6c60_0, v0x5568c58c6b70_0, v0x5568c58c6dd0_0, v0x5568c58c6ea0_0, v0x5568c58c6840_0, v0x5568c58c69a0_0, v0x5568c58c6900_0 {0 0 0};
    %end;
    .thread T_12;
# The file index is used to find the file name in the following table.
:file_names 6;
    "N/A";
    "<interactive>";
    "test_bench.v";
    "./ltc.v";
    "./main_ltc.v";
    "./yg.v";
